0 info it worked if it ends with ok
1 verbose cli [ '/usr/bin/node', '/usr/bin/npm', 'install', 'phonegap', '-g' ]
2 info using npm@1.4.28
3 info using node@v0.10.38
4 verbose node symlink /usr/bin/node
5 verbose cache add [ 'phonegap', null ]
6 verbose cache add name=undefined spec="phonegap" args=["phonegap",null]
7 verbose parsed url { protocol: null,
7 verbose parsed url   slashes: null,
7 verbose parsed url   auth: null,
7 verbose parsed url   host: null,
7 verbose parsed url   port: null,
7 verbose parsed url   hostname: null,
7 verbose parsed url   hash: null,
7 verbose parsed url   search: null,
7 verbose parsed url   query: null,
7 verbose parsed url   pathname: 'phonegap',
7 verbose parsed url   path: 'phonegap',
7 verbose parsed url   href: 'phonegap' }
8 silly lockFile 10db903f-phonegap phonegap
9 verbose lock phonegap /home/anton/.npm/10db903f-phonegap.lock
10 silly lockFile 10db903f-phonegap phonegap
11 silly lockFile 10db903f-phonegap phonegap
12 verbose addNamed [ 'phonegap', '' ]
13 verbose addNamed [ null, '*' ]
14 silly lockFile 3a6257f3-phonegap phonegap@
15 verbose lock phonegap@ /home/anton/.npm/3a6257f3-phonegap.lock
16 silly addNameRange { name: 'phonegap', range: '*', hasData: false }
17 verbose request where is /phonegap
18 verbose request registry https://registry.npmjs.org/
19 verbose request id 41d845822bbc9b59
20 verbose url raw /phonegap
21 verbose url resolving [ 'https://registry.npmjs.org/', './phonegap' ]
22 verbose url resolved https://registry.npmjs.org/phonegap
23 verbose request where is https://registry.npmjs.org/phonegap
24 info trying registry request attempt 1 at 19:18:07
25 http GET https://registry.npmjs.org/phonegap
26 http 200 https://registry.npmjs.org/phonegap
27 silly registry.get cb [ 200,
27 silly registry.get   { server: 'CouchDB/1.5.0 (Erlang OTP/R16B03)',
27 silly registry.get     etag: '"5B1DAOO2KXD541UCTX6W2RKZQ"',
27 silly registry.get     'content-type': 'application/json',
27 silly registry.get     'cache-control': 'max-age=60',
27 silly registry.get     'content-length': '219357',
27 silly registry.get     'accept-ranges': 'bytes',
27 silly registry.get     date: 'Wed, 17 Jun 2015 17:18:08 GMT',
27 silly registry.get     via: '1.1 varnish',
27 silly registry.get     age: '0',
27 silly registry.get     connection: 'keep-alive',
27 silly registry.get     'x-served-by': 'cache-fra1234-FRA',
27 silly registry.get     'x-cache': 'HIT',
27 silly registry.get     'x-cache-hits': '1',
27 silly registry.get     'x-timer': 'S1434561487.722076,VS0,VE738',
27 silly registry.get     vary: 'Accept' } ]
28 silly addNameRange number 2 { name: 'phonegap', range: '*', hasData: true }
29 silly addNameRange versions [ 'phonegap',
29 silly addNameRange   [ '0.2.0',
29 silly addNameRange     '0.2.1',
29 silly addNameRange     '0.2.2',
29 silly addNameRange     '0.3.0',
29 silly addNameRange     '0.4.0',
29 silly addNameRange     '0.4.1',
29 silly addNameRange     '0.5.0',
29 silly addNameRange     '0.6.0',
29 silly addNameRange     '0.6.1',
29 silly addNameRange     '0.7.0',
29 silly addNameRange     '0.7.1',
29 silly addNameRange     '0.7.2',
29 silly addNameRange     '0.7.3',
29 silly addNameRange     '0.7.4',
29 silly addNameRange     '0.7.5',
29 silly addNameRange     '0.7.6',
29 silly addNameRange     '0.7.7',
29 silly addNameRange     '0.7.8',
29 silly addNameRange     '0.8.0',
29 silly addNameRange     '0.8.1',
29 silly addNameRange     '0.9.0',
29 silly addNameRange     '0.9.1',
29 silly addNameRange     '0.9.2',
29 silly addNameRange     '0.9.3',
29 silly addNameRange     '0.9.4',
29 silly addNameRange     '2.8.0-0.10.0',
29 silly addNameRange     '2.8.0-0.10.1',
29 silly addNameRange     '2.8.0-0.10.2',
29 silly addNameRange     '2.8.0-0.10.3',
29 silly addNameRange     '2.8.0-0.10.4',
29 silly addNameRange     '2.8.0-0.10.6',
29 silly addNameRange     '2.8.1-0.11.0',
29 silly addNameRange     '2.9.0-0.12.2',
29 silly addNameRange     '2.9.0-0.12.3',
29 silly addNameRange     '2.9.0-0.12.4',
29 silly addNameRange     '2.9.0-0.12.5',
29 silly addNameRange     '2.9.0-0.12.6',
29 silly addNameRange     '2.9.0-0.12.7',
29 silly addNameRange     '2.9.0-0.12.8',
29 silly addNameRange     '2.9.0-rc1-0.12.0',
29 silly addNameRange     '2.9.0-rc1-0.12.1',
29 silly addNameRange     '2.9.0-rc1-0.12.2',
29 silly addNameRange     '2.9.0-0.12.9',
29 silly addNameRange     '2.9.0-0.12.10',
29 silly addNameRange     '2.9.0-0.12.11',
29 silly addNameRange     '2.9.0-0.13.0',
29 silly addNameRange     '2.9.0-0.13.1',
29 silly addNameRange     '2.9.0-0.13.2',
29 silly addNameRange     '3.0.0-rc1-0.13.2',
29 silly addNameRange     '3.0.0-rc1-0.13.3',
29 silly addNameRange     '3.0.0-0.14.0',
29 silly addNameRange     '3.0.0-0.14.1',
29 silly addNameRange     '3.0.0-0.14.2',
29 silly addNameRange     '3.0.0-0.14.3',
29 silly addNameRange     '3.0.0-0.14.4',
29 silly addNameRange     '3.1.0-0.15.0',
29 silly addNameRange     '3.2.0-0.15.0',
29 silly addNameRange     '3.2.0-0.16.0',
29 silly addNameRange     '3.2.0-0.17.0',
29 silly addNameRange     '3.2.0-0.17.1',
29 silly addNameRange     '3.3.0-0.17.1',
29 silly addNameRange     '3.3.0-0.18.0',
29 silly addNameRange     '3.3.0-0.18.1',
29 silly addNameRange     '3.3.0-0.19.0',
29 silly addNameRange     '3.3.0-0.19.1',
29 silly addNameRange     '3.3.0-0.19.2',
29 silly addNameRange     '3.3.0-0.19.3',
29 silly addNameRange     '3.3.0-0.19.4',
29 silly addNameRange     '3.3.0-0.19.5',
29 silly addNameRange     '3.3.0-0.19.6',
29 silly addNameRange     '3.4.0-0.19.7',
29 silly addNameRange     '3.4.0-0.19.8',
29 silly addNameRange     '3.4.0-0.19.9',
29 silly addNameRange     '3.4.0-0.19.10',
29 silly addNameRange     '3.4.0-0.19.11',
29 silly addNameRange     '3.4.0-0.19.12',
29 silly addNameRange     '3.4.0-0.19.13',
29 silly addNameRange     '3.4.0-0.19.14',
29 silly addNameRange     '3.4.0-0.19.15',
29 silly addNameRange     '3.4.0-0.19.16',
29 silly addNameRange     '3.4.0-0.19.17',
29 silly addNameRange     '3.4.0-0.19.18',
29 silly addNameRange     '3.4.0-0.19.19',
29 silly addNameRange     '3.4.0-0.19.20',
29 silly addNameRange     '3.4.0-0.19.21',
29 silly addNameRange     '3.4.0-0.20.0',
29 silly addNameRange     '3.5.0-0.19.23',
29 silly addNameRange     '3.5.0-0.20.0',
29 silly addNameRange     '3.5.0-0.20.1',
29 silly addNameRange     '3.5.0-0.20.3',
29 silly addNameRange     '3.5.0-0.20.4',
29 silly addNameRange     '3.5.0-0.20.5',
29 silly addNameRange     '3.5.0-0.20.6',
29 silly addNameRange     '3.5.0-0.20.7',
29 silly addNameRange     '3.5.0-0.20.9',
29 silly addNameRange     '3.5.0-0.20.10',
29 silly addNameRange     '3.5.0-0.20.14',
29 silly addNameRange     '3.5.0-0.21.14',
29 silly addNameRange     '3.5.0-0.21.15',
29 silly addNameRange     '3.5.0-0.21.16',
29 silly addNameRange     '3.5.0-0.21.17',
29 silly addNameRange     '3.5.0-0.21.18',
29 silly addNameRange     '3.6.0-0.21.18',
29 silly addNameRange     '3.6.0-0.21.19',
29 silly addNameRange     '3.6.3-0.22.0',
29 silly addNameRange     '3.6.3-0.22.1',
29 silly addNameRange     '3.6.3-0.22.2',
29 silly addNameRange     '3.6.3-0.22.3',
29 silly addNameRange     '3.6.3-0.22.4',
29 silly addNameRange     '3.6.3-0.22.5',
29 silly addNameRange     '3.6.3-0.22.6',
29 silly addNameRange     '3.6.3-0.22.7',
29 silly addNameRange     '4.0.0-0.22.7',
29 silly addNameRange     '4.1.2-0.22.7',
29 silly addNameRange     '4.1.2-0.22.8',
29 silly addNameRange     '4.1.2-0.22.9',
29 silly addNameRange     '4.1.2-0.22.10',
29 silly addNameRange     '4.1.2-0.22.11',
29 silly addNameRange     '4.1.2-0.22.12',
29 silly addNameRange     '4.2.0-0.23.0',
29 silly addNameRange     '4.2.0-0.24.0',
29 silly addNameRange     '4.2.0-0.24.1',
29 silly addNameRange     '4.2.0-0.24.2',
29 silly addNameRange     '4.2.0-0.25.0',
29 silly addNameRange     '4.2.0-0.26.0',
29 silly addNameRange     '5.0.0-0.27.0',
29 silly addNameRange     '5.0.0-0.27.1',
29 silly addNameRange     '5.0.0-0.28.0',
29 silly addNameRange     '5.0.0-0.28.1' ] ]
30 verbose addNamed [ 'phonegap', '5.0.0-0.28.1' ]
31 verbose addNamed [ '5.0.0-0.28.1', '5.0.0-0.28.1' ]
32 silly lockFile b8742f75-phonegap-5-0-0-0-28-1 phonegap@5.0.0-0.28.1
33 verbose lock phonegap@5.0.0-0.28.1 /home/anton/.npm/b8742f75-phonegap-5-0-0-0-28-1.lock
34 silly lockFile b8217ba9-onegap-phonegap-5-0-0-0-28-1-tgz https://registry.npmjs.org/phonegap/-/phonegap-5.0.0-0.28.1.tgz
35 verbose lock https://registry.npmjs.org/phonegap/-/phonegap-5.0.0-0.28.1.tgz /home/anton/.npm/b8217ba9-onegap-phonegap-5-0-0-0-28-1-tgz.lock
36 verbose addRemoteTarball [ 'https://registry.npmjs.org/phonegap/-/phonegap-5.0.0-0.28.1.tgz',
36 verbose addRemoteTarball   '897d96369e6aa71ec19b2758923e58b70ce2b586' ]
37 info retry fetch attempt 1 at 19:18:08
38 verbose fetch to= /tmp/npm-5183-fLzX2CTm/registry.npmjs.org/phonegap/-/phonegap-5.0.0-0.28.1.tgz
39 http GET https://registry.npmjs.org/phonegap/-/phonegap-5.0.0-0.28.1.tgz
40 http 200 https://registry.npmjs.org/phonegap/-/phonegap-5.0.0-0.28.1.tgz
41 silly lockFile b8217ba9-onegap-phonegap-5-0-0-0-28-1-tgz https://registry.npmjs.org/phonegap/-/phonegap-5.0.0-0.28.1.tgz
42 silly lockFile b8217ba9-onegap-phonegap-5-0-0-0-28-1-tgz https://registry.npmjs.org/phonegap/-/phonegap-5.0.0-0.28.1.tgz
43 silly lockFile b8742f75-phonegap-5-0-0-0-28-1 phonegap@5.0.0-0.28.1
44 silly lockFile b8742f75-phonegap-5-0-0-0-28-1 phonegap@5.0.0-0.28.1
45 silly lockFile 3a6257f3-phonegap phonegap@
46 silly lockFile 3a6257f3-phonegap phonegap@
47 silly resolved [ { name: 'phonegap',
47 silly resolved     description: 'PhoneGap command-line interface and node.js library.',
47 silly resolved     version: '5.0.0-0.28.1',
47 silly resolved     homepage: 'http://github.com/phonegap/phonegap-cli',
47 silly resolved     repository:
47 silly resolved      { type: 'git',
47 silly resolved        url: 'git://github.com/phonegap/phonegap-cli.git' },
47 silly resolved     keywords:
47 silly resolved      [ 'cli',
47 silly resolved        'cordova',
47 silly resolved        'phonegap',
47 silly resolved        'phonegap build',
47 silly resolved        'phonegap/build' ],
47 silly resolved     preferGlobal: 'true',
47 silly resolved     main: './lib/main.js',
47 silly resolved     bin: { phonegap: './bin/phonegap.js' },
47 silly resolved     scripts: { test: 'jasmine-node --color spec' },
47 silly resolved     engineStrict: 'true',
47 silly resolved     engines: { node: '>=0.10.0' },
47 silly resolved     dependencies:
47 silly resolved      { colors: '0.6.0-1',
47 silly resolved        'connect-phonegap': '0.16.1',
47 silly resolved        cordova: '5.0.0',
47 silly resolved        minimist: '0.1.0',
47 silly resolved        'phonegap-build': '0.9.1',
47 silly resolved        pluralize: '0.0.4',
47 silly resolved        prompt: '0.2.11',
47 silly resolved        'qrcode-terminal': '0.9.4',
47 silly resolved        semver: '1.1.0',
47 silly resolved        shelljs: '0.1.4' },
47 silly resolved     devDependencies: { 'jasmine-node': '1.14.5', chdir: '0.0.x' },
47 silly resolved     optionalDependencies: {},
47 silly resolved     contributors: [ [Object], [Object], [Object], [Object], [Object] ],
47 silly resolved     templates:
47 silly resolved      { blank: [Object],
47 silly resolved        'hello-world': [Object],
47 silly resolved        'hello-cordova': [Object],
47 silly resolved        'jquery-mobile-starter': [Object] },
47 silly resolved     gitHead: 'f1238713eebab3684af362413c898dc4a5bfe65c',
47 silly resolved     bugs: { url: 'https://github.com/phonegap/phonegap-cli/issues' },
47 silly resolved     _id: 'phonegap@5.0.0-0.28.1',
47 silly resolved     _shasum: '897d96369e6aa71ec19b2758923e58b70ce2b586',
47 silly resolved     _from: 'phonegap@',
47 silly resolved     _npmVersion: '2.5.1',
47 silly resolved     _nodeVersion: '0.12.0',
47 silly resolved     _npmUser: { name: 'mwbrooks', email: 'michael@michaelbrooks.ca' },
47 silly resolved     dist:
47 silly resolved      { shasum: '897d96369e6aa71ec19b2758923e58b70ce2b586',
47 silly resolved        tarball: 'http://registry.npmjs.org/phonegap/-/phonegap-5.0.0-0.28.1.tgz' },
47 silly resolved     maintainers: [ [Object], [Object], [Object], [Object] ],
47 silly resolved     directories: {},
47 silly resolved     _resolved: 'https://registry.npmjs.org/phonegap/-/phonegap-5.0.0-0.28.1.tgz' } ]
48 info install phonegap@5.0.0-0.28.1 into /usr/lib
49 info installOne phonegap@5.0.0-0.28.1
50 verbose lib/node_modules/phonegap unbuild
51 verbose tar unpack /home/anton/.npm/phonegap/5.0.0-0.28.1/package.tgz
52 silly lockFile 3e0e5a58-ar-usr-lib-node-modules-phonegap tar:///usr/lib/node_modules/phonegap
53 verbose lock tar:///usr/lib/node_modules/phonegap /home/anton/.npm/3e0e5a58-ar-usr-lib-node-modules-phonegap.lock
54 silly lockFile 37eced4f-honegap-5-0-0-0-28-1-package-tgz tar:///home/anton/.npm/phonegap/5.0.0-0.28.1/package.tgz
55 verbose lock tar:///home/anton/.npm/phonegap/5.0.0-0.28.1/package.tgz /home/anton/.npm/37eced4f-honegap-5-0-0-0-28-1-package-tgz.lock
56 silly gunzTarPerm modes [ '775', '664' ]
57 error Error: EACCES, mkdir '/usr/lib/node_modules/phonegap'
57 error  { [Error: EACCES, mkdir '/usr/lib/node_modules/phonegap']
57 error   errno: 3,
57 error   code: 'EACCES',
57 error   path: '/usr/lib/node_modules/phonegap',
57 error   fstream_type: 'Directory',
57 error   fstream_path: '/usr/lib/node_modules/phonegap',
57 error   fstream_class: 'DirWriter',
57 error   fstream_stack:
57 error    [ '/usr/lib/node_modules/npm/node_modules/fstream/lib/dir-writer.js:36:23',
57 error      '/usr/lib/node_modules/npm/node_modules/mkdirp/index.js:46:53',
57 error      'Object.oncomplete (fs.js:108:15)' ] }
58 error Please try running this command again as root/Administrator.
59 error System Linux 3.16.0-41-generic
60 error command "/usr/bin/node" "/usr/bin/npm" "install" "phonegap" "-g"
61 error cwd /home/anton/Dropbox/projects/ballonControllerAndroid
62 error node -v v0.10.38
63 error npm -v 1.4.28
64 error path /usr/lib/node_modules/phonegap
65 error fstream_path /usr/lib/node_modules/phonegap
66 error fstream_type Directory
67 error fstream_class DirWriter
68 error code EACCES
69 error errno 3
70 error stack Error: EACCES, mkdir '/usr/lib/node_modules/phonegap'
71 error fstream_stack /usr/lib/node_modules/npm/node_modules/fstream/lib/dir-writer.js:36:23
71 error fstream_stack /usr/lib/node_modules/npm/node_modules/mkdirp/index.js:46:53
71 error fstream_stack Object.oncomplete (fs.js:108:15)
72 verbose exit [ 3, true ]
